<?xml version="1.0" encoding="UTF-8"?>
<testsuite xmlns:xsi="http://www.w3.org/2001/XMLSchema-instance" xsi:noNamespaceSchemaLocation="https://maven.apache.org/surefire/maven-surefire-plugin/xsd/surefire-test-report.xsd" name="challenge3.ClassroomTest" time="0.025" tests="1" errors="1" skipped="0" failures="0">
  <properties>
[...]
</properties>
  <testcase name="testgetMeanSucces" classname="challenge3.ClassroomTest" time="0.015">
    <error type="java.lang.NullPointerException"><![CDATA[java.lang.NullPointerException
	at challenge3.ClassroomTest.<init>(ClassroomTest.java:13)
]]></error>
  </testcase>
</testsuite>